Сборка начата 06.12.2023 00:43:32.
Уровень детализации журнала: Normal.     1>Проект "D:\labs\ОАП\referat\referat\referat.vcxproj" в узле 2 (целевые объекты Build).
     1>InitializeBuildStatus:
         Создание "Debug\referat.tlog\unsuccessfulbuild", так как было задано "AlwaysCreate".
         Обращение к "Debug\referat.tlog\unsuccessfulbuild".
       ClCompile:
         D:\Visual Studio\2022\Community\VC\Tools\MSVC\14.37.32822\bin\HostX86\x86\CL.exe /c /ZI /JMC /nologo /W3 /WX- /diagnostics:column /sdl /Od /Oy- /D WIN32 /D _DEBUG /D _CONSOLE /D _UNICODE /D UNICODE /Gm- /EHsc /RTC1 /MDd /GS /fp:precise /Zc:wchar_t /Zc:forScope /Zc:inline /permissive- /Fo"Debug\\" /Fd"Debug\vc143.pdb" /external:W3 /Gd /TP /analyze- /FC /errorReport:prompt 2nArray.cpp
         2nArray.cpp
     1>D:\labs\ОАП\referat\referat\2nArray.cpp(28,12): warning C4244: аргумент: преобразование "time_t" в "unsigned int", возможна потеря данных
       Link:
         D:\Visual Studio\2022\Community\VC\Tools\MSVC\14.37.32822\bin\HostX86\x86\link.exe /ERRORREPORT:PROMPT /OUT:"D:\labs\ОАП\referat\Debug\referat.exe" /INCREMENTAL /ILK:"Debug\referat.ilk" /NOLOGO kernel32.lib user32.lib gdi32.lib winspool.lib comdlg32.lib advapi32.lib shell32.lib ole32.lib oleaut32.lib uuid.lib odbc32.lib odbccp32.lib /MANIFEST /MANIFESTUAC:"level='asInvoker' uiAccess='false'" /manifest:embed /DEBUG /PDB:"D:\labs\ОАП\referat\Debug\referat.pdb" /SUBSYSTEM:CONSOLE /TLBID:1 /DYNAMICBASE /NXCOMPAT /IMPLIB:"D:\labs\ОАП\referat\Debug\referat.lib" /MACHINE:X86 Debug\2nArray.obj
         referat.vcxproj -> D:\labs\ОАП\referat\Debug\referat.exe
       FinalizeBuildStatus:
         Файл "Debug\referat.tlog\unsuccessfulbuild" удаляется.
         Обращение к "Debug\referat.tlog\referat.lastbuildstate".
     1>Сборка проекта "D:\labs\ОАП\referat\referat\referat.vcxproj" завершена (целевые объекты Build).

Сборка успешно завершена.

       "D:\labs\ОАП\referat\referat\referat.vcxproj" (целевой объект Build ) (1) ->
       (Целевой объект ClCompile) -> 
         D:\labs\ОАП\referat\referat\2nArray.cpp(28,12): warning C4244: аргумент: преобразование "time_t" в "unsigned int", возможна потеря данных

    Предупреждений: 1
    Ошибок: 0

Прошло времени 00:00:01.28
