Сборка начата 21.11.2023 02:43:17.
Уровень детализации журнала: Normal.     1>Проект "D:\labs\ОАП\lab14\dop3\dop3.vcxproj" в узле 2 (целевые объекты Build).
     1>D:\Visual Studio\2022\Community\MSBuild\Microsoft\VC\v170\Microsoft.CppBuild.targets(531,5): warning MSB8028: промежуточный каталог (x64\Debug\) содержит файлы, которые используются совместно с другим проектом (dop3.vcxproj).  Это может привести к ошибкам очистки и перестроения.
     1>InitializeBuildStatus:
         Создание "x64\Debug\dop1.tlog\unsuccessfulbuild", так как было задано "AlwaysCreate".
         Обращение к "x64\Debug\dop1.tlog\unsuccessfulbuild".
       ClCompile:
         D:\Visual Studio\2022\Community\VC\Tools\MSVC\14.37.32822\bin\HostX64\x64\CL.exe /c /ZI /JMC /nologo /W3 /WX- /diagnostics:column /sdl /Od /D _DEBUG /D _CONSOLE /D _UNICODE /D UNICODE /Gm- /EHsc /RTC1 /MDd /GS /fp:precise /Zc:wchar_t /Zc:forScope /Zc:inline /permissive- /Fo"x64\Debug\\" /Fd"x64\Debug\vc143.pdb" /external:W3 /Gd /TP /FC /errorReport:prompt dop1.cpp
         dop1.cpp
     1>D:\labs\ОАП\lab14\dop3\dop1.cpp(7,13): warning C4326: возвращаемый тип "main" должен быть "int", а не "void"
     1>D:\labs\ОАП\lab14\dop3\dop1.cpp(9,12): warning C4244: аргумент: преобразование "time_t" в "unsigned int", возможна потеря данных
       Link:
         D:\Visual Studio\2022\Community\VC\Tools\MSVC\14.37.32822\bin\HostX64\x64\link.exe /ERRORREPORT:PROMPT /OUT:"D:\labs\ОАП\lab14\x64\Debug\dop1.exe" /INCREMENTAL /ILK:"x64\Debug\dop1.ilk" /NOLOGO kernel32.lib user32.lib gdi32.lib winspool.lib comdlg32.lib advapi32.lib shell32.lib ole32.lib oleaut32.lib uuid.lib odbc32.lib odbccp32.lib /MANIFEST /MANIFESTUAC:"level='asInvoker' uiAccess='false'" /manifest:embed /DEBUG /PDB:"D:\labs\ОАП\lab14\x64\Debug\dop1.pdb" /SUBSYSTEM:CONSOLE /TLBID:1 /DYNAMICBASE /NXCOMPAT /IMPLIB:"D:\labs\ОАП\lab14\x64\Debug\dop1.lib" /MACHINE:X64 x64\Debug\dop1.obj
         dop3.vcxproj -> D:\labs\ОАП\lab14\x64\Debug\dop1.exe
       FinalizeBuildStatus:
         Файл "x64\Debug\dop1.tlog\unsuccessfulbuild" удаляется.
         Обращение к "x64\Debug\dop1.tlog\dop1.lastbuildstate".
     1>Сборка проекта "D:\labs\ОАП\lab14\dop3\dop3.vcxproj" завершена (целевые объекты Build).

Сборка успешно завершена.

       "D:\labs\ОАП\lab14\dop3\dop3.vcxproj" (целевой объект Build ) (1) ->
       (Целевой объект PrepareForBuild) -> 
         D:\Visual Studio\2022\Community\MSBuild\Microsoft\VC\v170\Microsoft.CppBuild.targets(531,5): warning MSB8028: промежуточный каталог (x64\Debug\) содержит файлы, которые используются совместно с другим проектом (dop3.vcxproj).  Это может привести к ошибкам очистки и перестроения.


       "D:\labs\ОАП\lab14\dop3\dop3.vcxproj" (целевой объект Build ) (1) ->
       (Целевой объект ClCompile) -> 
         D:\labs\ОАП\lab14\dop3\dop1.cpp(7,13): warning C4326: возвращаемый тип "main" должен быть "int", а не "void"
         D:\labs\ОАП\lab14\dop3\dop1.cpp(9,12): warning C4244: аргумент: преобразование "time_t" в "unsigned int", возможна потеря данных

    Предупреждений: 3
    Ошибок: 0

Прошло времени 00:00:01.54
