Сборка начата 12.11.2023 20:44:56.
Уровень детализации журнала: Normal.     1>Проект "D:\labs\ОАП\10lab oap\10lab oap\10lab oap.vcxproj" в узле 2 (целевые объекты Build).
     1>InitializeBuildStatus:
         Создание "x64\Debug\10lab oap.tlog\unsuccessfulbuild", так как было задано "AlwaysCreate".
         Обращение к "x64\Debug\10lab oap.tlog\unsuccessfulbuild".
       ClCompile:
         D:\Visual Studio\2022\Community\VC\Tools\MSVC\14.37.32822\bin\HostX64\x64\CL.exe /c /ZI /JMC /nologo /W3 /WX- /diagnostics:column /sdl /Od /D _DEBUG /D _CONSOLE /D _UNICODE /D UNICODE /Gm- /EHsc /RTC1 /MDd /GS /fp:precise /Zc:wchar_t /Zc:forScope /Zc:inline /permissive- /Fo"x64\Debug\\" /Fd"x64\Debug\vc143.pdb" /external:W3 /Gd /TP /FC /errorReport:prompt ex1.cpp
         ex1.cpp
     1>D:\labs\ОАП\10lab oap\10lab oap\ex1.cpp(7,1): warning C4326: возвращаемый тип "main" должен быть "int", а не "void"
       Link:
         D:\Visual Studio\2022\Community\VC\Tools\MSVC\14.37.32822\bin\HostX64\x64\link.exe /ERRORREPORT:PROMPT /OUT:"D:\labs\ОАП\10lab oap\x64\Debug\10lab oap.exe" /INCREMENTAL /ILK:"x64\Debug\10lab oap.ilk" /NOLOGO kernel32.lib user32.lib gdi32.lib winspool.lib comdlg32.lib advapi32.lib shell32.lib ole32.lib oleaut32.lib uuid.lib odbc32.lib odbccp32.lib /MANIFEST /MANIFESTUAC:"level='asInvoker' uiAccess='false'" /manifest:embed /DEBUG /PDB:"D:\labs\ОАП\10lab oap\x64\Debug\10lab oap.pdb" /SUBSYSTEM:CONSOLE /TLBID:1 /DYNAMICBASE /NXCOMPAT /IMPLIB:"D:\labs\ОАП\10lab oap\x64\Debug\10lab oap.lib" /MACHINE:X64 x64\Debug\ex1.obj
         10lab oap.vcxproj -> D:\labs\ОАП\10lab oap\x64\Debug\10lab oap.exe
       FinalizeBuildStatus:
         Файл "x64\Debug\10lab oap.tlog\unsuccessfulbuild" удаляется.
         Обращение к "x64\Debug\10lab oap.tlog\10lab oap.lastbuildstate".
     1>Сборка проекта "D:\labs\ОАП\10lab oap\10lab oap\10lab oap.vcxproj" завершена (целевые объекты Build).

Сборка успешно завершена.

       "D:\labs\ОАП\10lab oap\10lab oap\10lab oap.vcxproj" (целевой объект Build ) (1) ->
       (Целевой объект ClCompile) -> 
         D:\labs\ОАП\10lab oap\10lab oap\ex1.cpp(7,1): warning C4326: возвращаемый тип "main" должен быть "int", а не "void"

    Предупреждений: 1
    Ошибок: 0

Прошло времени 00:00:01.94
