Сборка начата 22.11.2023 14:55:10.
Уровень детализации журнала: Normal.     1>Проект "D:\labs\ОАП\lab14\dop33\dop33.vcxproj" в узле 2 (целевые объекты Build).
     1>InitializeBuildStatus:
         Создание "x64\Debug\dop33.tlog\unsuccessfulbuild", так как было задано "AlwaysCreate".
         Обращение к "x64\Debug\dop33.tlog\unsuccessfulbuild".
       ClCompile:
         D:\Visual Studio\2022\Community\VC\Tools\MSVC\14.37.32822\bin\HostX64\x64\CL.exe /c /ZI /JMC /nologo /W3 /WX- /diagnostics:column /sdl /Od /D _DEBUG /D _CONSOLE /D _UNICODE /D UNICODE /Gm- /EHsc /RTC1 /MDd /GS /fp:precise /Zc:wchar_t /Zc:forScope /Zc:inline /permissive- /Fo"x64\Debug\\" /Fd"x64\Debug\vc143.pdb" /external:W3 /Gd /TP /FC /errorReport:prompt dop3.cpp
         dop3.cpp
     1>D:\labs\ОАП\lab14\dop33\dop3.cpp(9,12): warning C4244: аргумент: преобразование "time_t" в "unsigned int", возможна потеря данных
       Link:
         D:\Visual Studio\2022\Community\VC\Tools\MSVC\14.37.32822\bin\HostX64\x64\link.exe /ERRORREPORT:PROMPT /OUT:"D:\labs\ОАП\lab14\x64\Debug\dop33.exe" /INCREMENTAL /ILK:"x64\Debug\dop33.ilk" /NOLOGO kernel32.lib user32.lib gdi32.lib winspool.lib comdlg32.lib advapi32.lib shell32.lib ole32.lib oleaut32.lib uuid.lib odbc32.lib odbccp32.lib /MANIFEST /MANIFESTUAC:"level='asInvoker' uiAccess='false'" /manifest:embed /DEBUG /PDB:"D:\labs\ОАП\lab14\x64\Debug\dop33.pdb" /SUBSYSTEM:CONSOLE /TLBID:1 /DYNAMICBASE /NXCOMPAT /IMPLIB:"D:\labs\ОАП\lab14\x64\Debug\dop33.lib" /MACHINE:X64 x64\Debug\dop3.obj
         dop33.vcxproj -> D:\labs\ОАП\lab14\x64\Debug\dop33.exe
       FinalizeBuildStatus:
         Файл "x64\Debug\dop33.tlog\unsuccessfulbuild" удаляется.
         Обращение к "x64\Debug\dop33.tlog\dop33.lastbuildstate".
     1>Сборка проекта "D:\labs\ОАП\lab14\dop33\dop33.vcxproj" завершена (целевые объекты Build).

Сборка успешно завершена.

       "D:\labs\ОАП\lab14\dop33\dop33.vcxproj" (целевой объект Build ) (1) ->
       (Целевой объект ClCompile) -> 
         D:\labs\ОАП\lab14\dop33\dop3.cpp(9,12): warning C4244: аргумент: преобразование "time_t" в "unsigned int", возможна потеря данных

    Предупреждений: 1
    Ошибок: 0

Прошло времени 00:00:02.04
