Сборка начата 15.01.2024 20:24:47.
Уровень детализации журнала: Normal.     1>Проект "D:\labs\ОАП\referati\2opi1lab\2opi1lab\2opi1lab.vcxproj" в узле 2 (целевые объекты Build).
     1>InitializeBuildStatus:
         Обращение к "x64\Debug\2opi1lab.tlog\unsuccessfulbuild".
       ClCompile:
         D:\Visual Studio\2022\Community\VC\Tools\MSVC\14.37.32822\bin\HostX64\x64\CL.exe /c /ZI /JMC /nologo /W3 /WX- /diagnostics:column /sdl /Od /D _DEBUG /D _CONSOLE /D _UNICODE /D UNICODE /Gm- /EHsc /RTC1 /MDd /GS /fp:precise /Zc:wchar_t /Zc:forScope /Zc:inline /permissive- /Fo"x64\Debug\\" /Fd"x64\Debug\vc143.pdb" /external:W3 /Gd /TP /FC /errorReport:prompt ex1.cpp
         ex1.cpp
     1>D:\labs\ОАП\referati\2opi1lab\2opi1lab\ex1.cpp(20,10): warning C4305: инициализация: усечение из "double" в "float"
       Link:
         D:\Visual Studio\2022\Community\VC\Tools\MSVC\14.37.32822\bin\HostX64\x64\link.exe /ERRORREPORT:PROMPT /OUT:"D:\labs\ОАП\referati\2opi1lab\x64\Debug\2opi1lab.exe" /INCREMENTAL /ILK:"x64\Debug\2opi1lab.ilk" /NOLOGO kernel32.lib user32.lib gdi32.lib winspool.lib comdlg32.lib advapi32.lib shell32.lib ole32.lib oleaut32.lib uuid.lib odbc32.lib odbccp32.lib /MANIFEST /MANIFESTUAC:"level='asInvoker' uiAccess='false'" /manifest:embed /DEBUG /PDB:"D:\labs\ОАП\referati\2opi1lab\x64\Debug\2opi1lab.pdb" /SUBSYSTEM:CONSOLE /TLBID:1 /DYNAMICBASE /NXCOMPAT /IMPLIB:"D:\labs\ОАП\referati\2opi1lab\x64\Debug\2opi1lab.lib" /MACHINE:X64 x64\Debug\ex1.obj
         2opi1lab.vcxproj -> D:\labs\ОАП\referati\2opi1lab\x64\Debug\2opi1lab.exe
       FinalizeBuildStatus:
         Файл "x64\Debug\2opi1lab.tlog\unsuccessfulbuild" удаляется.
         Обращение к "x64\Debug\2opi1lab.tlog\2opi1lab.lastbuildstate".
     1>Сборка проекта "D:\labs\ОАП\referati\2opi1lab\2opi1lab\2opi1lab.vcxproj" завершена (целевые объекты Build).

Сборка успешно завершена.

       "D:\labs\ОАП\referati\2opi1lab\2opi1lab\2opi1lab.vcxproj" (целевой объект Build ) (1) ->
       (Целевой объект ClCompile) -> 
         D:\labs\ОАП\referati\2opi1lab\2opi1lab\ex1.cpp(20,10): warning C4305: инициализация: усечение из "double" в "float"

    Предупреждений: 1
    Ошибок: 0

Прошло времени 00:00:01.95
